[UNCAUGHT] 2026-03-02T16:49:44.147Z: E:\web politics game\game\tick.js:12
    db.prepare("UPDATE game_state SET value = CAST(((CAST(value AS INTEGER) % 48) + 1) AS TEXT) WHERE key = 'current_turn'").run();
       ^

TypeError: Cannot read properties of undefined (reading 'prepare')
    at processTick (E:\web politics game\game\tick.js:12:8)
    at [eval]:1:85
    at runScriptInThisContext (node:internal/vm:219:10)
    at node:internal/process/execution:451:12
    at [eval]-wrapper:6:24
    at runScriptInContext (node:internal/process/execution:449:60)
    at evalFunction (node:internal/process/execution:283:30)
    at evalTypeScript (node:internal/process/execution:295:3)
    at node:internal/main/eval_string:71:3
[UNCAUGHT] 2026-03-02T16:49:44.151Z: Error: listen EADDRINUSE: address already in use :::3000
    at Server.setupListenHandle [as _listen2] (node:net:1940:16)
    at listenInCluster (node:net:1997:12)
    at Server.listen (node:net:2102:7)
    at Object.<anonymous> (E:\web politics game\server.js:144:8)
    at Module._compile (node:internal/modules/cjs/loader:1804:14)
    at Object..js (node:internal/modules/cjs/loader:1936:10)
    at Module.load (node:internal/modules/cjs/loader:1525:32)
    at Module._load (node:internal/modules/cjs/loader:1327:12)
    at TracingChannel.traceSync (node:diagnostics_channel:328:14)
    at wrapModuleLoad (node:internal/modules/cjs/loader:245:24)
[UNCAUGHT] 2026-03-02T16:56:41.416Z: E:\web politics game\game\tick.js:12
    db.prepare("UPDATE game_state SET value = CAST(((CAST(value AS INTEGER) % 48) + 1) AS TEXT) WHERE key = 'current_turn'").run();
       ^

TypeError: Cannot read properties of undefined (reading 'prepare')
    at processTick (E:\web politics game\game\tick.js:12:8)
    at [eval]:1:85
    at runScriptInThisContext (node:internal/vm:219:10)
    at node:internal/process/execution:451:12
    at [eval]-wrapper:6:24
    at runScriptInContext (node:internal/process/execution:449:60)
    at evalFunction (node:internal/process/execution:283:30)
    at evalTypeScript (node:internal/process/execution:295:3)
    at node:internal/main/eval_string:71:3
[UNCAUGHT] 2026-03-02T16:56:41.417Z: Error: listen EADDRINUSE: address already in use :::3000
    at Server.setupListenHandle [as _listen2] (node:net:1940:16)
    at listenInCluster (node:net:1997:12)
    at Server.listen (node:net:2102:7)
    at Object.<anonymous> (E:\web politics game\server.js:144:8)
    at Module._compile (node:internal/modules/cjs/loader:1804:14)
    at Object..js (node:internal/modules/cjs/loader:1936:10)
    at Module.load (node:internal/modules/cjs/loader:1525:32)
    at Module._load (node:internal/modules/cjs/loader:1327:12)
    at TracingChannel.traceSync (node:diagnostics_channel:328:14)
    at wrapModuleLoad (node:internal/modules/cjs/loader:245:24)
[UNCAUGHT] 2026-03-02T16:58:43.646Z: E:\web politics game\game\tick.js:12
    db.prepare("UPDATE game_state SET value = CAST(((CAST(value AS INTEGER) % 48) + 1) AS TEXT) WHERE key = 'current_turn'").run();
       ^

TypeError: Cannot read properties of undefined (reading 'prepare')
    at processTick (E:\web politics game\game\tick.js:12:8)
    at [eval]:1:85
    at runScriptInThisContext (node:internal/vm:219:10)
    at node:internal/process/execution:451:12
    at [eval]-wrapper:6:24
    at runScriptInContext (node:internal/process/execution:449:60)
    at evalFunction (node:internal/process/execution:283:30)
    at evalTypeScript (node:internal/process/execution:295:3)
    at node:internal/main/eval_string:71:3
[UNCAUGHT] 2026-03-02T16:58:43.648Z: Error: listen EADDRINUSE: address already in use :::3000
    at Server.setupListenHandle [as _listen2] (node:net:1940:16)
    at listenInCluster (node:net:1997:12)
    at Server.listen (node:net:2102:7)
    at Object.<anonymous> (E:\web politics game\server.js:144:8)
    at Module._compile (node:internal/modules/cjs/loader:1804:14)
    at Object..js (node:internal/modules/cjs/loader:1936:10)
    at Module.load (node:internal/modules/cjs/loader:1525:32)
    at Module._load (node:internal/modules/cjs/loader:1327:12)
    at TracingChannel.traceSync (node:diagnostics_channel:328:14)
    at wrapModuleLoad (node:internal/modules/cjs/loader:245:24)
[UNCAUGHT] 2026-03-02T17:01:43.931Z: Error: listen EADDRINUSE: address already in use :::3000
    at Server.setupListenHandle [as _listen2] (node:net:1940:16)
    at listenInCluster (node:net:1997:12)
    at Server.listen (node:net:2102:7)
    at Object.<anonymous> (E:\web politics game\server.js:144:8)
    at Module._compile (node:internal/modules/cjs/loader:1804:14)
    at Object..js (node:internal/modules/cjs/loader:1936:10)
    at Module.load (node:internal/modules/cjs/loader:1525:32)
    at Module._load (node:internal/modules/cjs/loader:1327:12)
    at TracingChannel.traceSync (node:diagnostics_channel:328:14)
    at wrapModuleLoad (node:internal/modules/cjs/loader:245:24)
[UNCAUGHT] 2026-03-02T17:10:59.657Z: Error: listen EADDRINUSE: address already in use :::3000
    at Server.setupListenHandle [as _listen2] (node:net:1940:16)
    at listenInCluster (node:net:1997:12)
    at Server.listen (node:net:2102:7)
    at Object.<anonymous> (E:\web politics game\server.js:144:8)
    at Module._compile (node:internal/modules/cjs/loader:1804:14)
    at Object..js (node:internal/modules/cjs/loader:1936:10)
    at Module.load (node:internal/modules/cjs/loader:1525:32)
    at Module._load (node:internal/modules/cjs/loader:1327:12)
    at TracingChannel.traceSync (node:diagnostics_channel:328:14)
    at wrapModuleLoad (node:internal/modules/cjs/loader:245:24)
[UNCAUGHT] 2026-03-02T17:25:34.880Z: Error: listen EADDRINUSE: address already in use :::3000
    at Server.setupListenHandle [as _listen2] (node:net:1940:16)
    at listenInCluster (node:net:1997:12)
    at Server.listen (node:net:2102:7)
    at Object.<anonymous> (E:\web politics game\server.js:144:8)
    at Module._compile (node:internal/modules/cjs/loader:1804:14)
    at Object..js (node:internal/modules/cjs/loader:1936:10)
    at Module.load (node:internal/modules/cjs/loader:1525:32)
    at Module._load (node:internal/modules/cjs/loader:1327:12)
    at TracingChannel.traceSync (node:diagnostics_channel:328:14)
    at wrapModuleLoad (node:internal/modules/cjs/loader:245:24)
[UNCAUGHT] 2026-03-02T17:45:52.595Z: Error: listen EADDRINUSE: address already in use :::3000
    at Server.setupListenHandle [as _listen2] (node:net:1940:16)
    at listenInCluster (node:net:1997:12)
    at Server.listen (node:net:2102:7)
    at Object.<anonymous> (E:\web politics game\server.js:144:8)
    at Module._compile (node:internal/modules/cjs/loader:1804:14)
    at Object..js (node:internal/modules/cjs/loader:1936:10)
    at Module.load (node:internal/modules/cjs/loader:1525:32)
    at Module._load (node:internal/modules/cjs/loader:1327:12)
    at TracingChannel.traceSync (node:diagnostics_channel:328:14)
    at wrapModuleLoad (node:internal/modules/cjs/loader:245:24)
[UNCAUGHT] 2026-03-02T18:27:22.865Z: Error: listen EADDRINUSE: address already in use :::3000
    at Server.setupListenHandle [as _listen2] (node:net:1940:16)
    at listenInCluster (node:net:1997:12)
    at Server.listen (node:net:2102:7)
    at Object.<anonymous> (E:\web politics game\server.js:144:8)
    at Module._compile (node:internal/modules/cjs/loader:1804:14)
    at Object..js (node:internal/modules/cjs/loader:1936:10)
    at Module.load (node:internal/modules/cjs/loader:1525:32)
    at Module._load (node:internal/modules/cjs/loader:1327:12)
    at TracingChannel.traceSync (node:diagnostics_channel:328:14)
    at wrapModuleLoad (node:internal/modules/cjs/loader:245:24)
[UNCAUGHT] 2026-03-02T19:25:13.509Z: Error: listen EADDRINUSE: address already in use :::3000
    at Server.setupListenHandle [as _listen2] (node:net:1940:16)
    at listenInCluster (node:net:1997:12)
    at Server.listen (node:net:2102:7)
    at Object.<anonymous> (E:\web politics game\server.js:144:8)
    at Module._compile (node:internal/modules/cjs/loader:1804:14)
    at Object..js (node:internal/modules/cjs/loader:1936:10)
    at Module.load (node:internal/modules/cjs/loader:1525:32)
    at Module._load (node:internal/modules/cjs/loader:1327:12)
    at TracingChannel.traceSync (node:diagnostics_channel:328:14)
    at wrapModuleLoad (node:internal/modules/cjs/loader:245:24)
[UNCAUGHT] 2026-03-02T20:06:25.199Z: SqliteError: no such column: "intel_agency" - should this be a string literal in single-quotes?
    at Database.prepare (E:\web politics game\node_modules\better-sqlite3\lib\methods\wrappers.js:5:21)
    at processTick (E:\web politics game\game\tick.js:94:37)
    at Timeout._onTimeout (E:\web politics game\server.js:132:9)
    at listOnTimeout (node:internal/timers:605:17)
    at process.processTimers (node:internal/timers:541:7)
[UNCAUGHT] 2026-03-02T20:07:25.192Z: SqliteError: no such column: "intel_agency" - should this be a string literal in single-quotes?
    at Database.prepare (E:\web politics game\node_modules\better-sqlite3\lib\methods\wrappers.js:5:21)
    at processTick (E:\web politics game\game\tick.js:94:37)
    at Timeout._onTimeout (E:\web politics game\server.js:132:9)
    at listOnTimeout (node:internal/timers:605:17)
    at process.processTimers (node:internal/timers:541:7)
[UNCAUGHT] 2026-03-02T20:08:25.239Z: SqliteError: no such column: "intel_agency" - should this be a string literal in single-quotes?
    at Database.prepare (E:\web politics game\node_modules\better-sqlite3\lib\methods\wrappers.js:5:21)
    at processTick (E:\web politics game\game\tick.js:94:37)
    at Timeout._onTimeout (E:\web politics game\server.js:132:9)
    at listOnTimeout (node:internal/timers:605:17)
    at process.processTimers (node:internal/timers:541:7)
[UNCAUGHT] 2026-03-02T20:09:52.058Z: SqliteError: no such column: "intel_agency" - should this be a string literal in single-quotes?
    at Database.prepare (E:\web politics game\node_modules\better-sqlite3\lib\methods\wrappers.js:5:21)
    at processTick (E:\web politics game\game\tick.js:94:37)
    at Timeout._onTimeout (E:\web politics game\server.js:132:9)
    at listOnTimeout (node:internal/timers:605:17)
    at process.processTimers (node:internal/timers:541:7)
[UNCAUGHT] 2026-03-02T20:15:47.623Z: SqliteError: no such column: "intel_agency" - should this be a string literal in single-quotes?
    at Database.prepare (E:\web politics game\node_modules\better-sqlite3\lib\methods\wrappers.js:5:21)
    at processTick (E:\web politics game\game\tick.js:94:37)
    at Timeout._onTimeout (E:\web politics game\server.js:132:9)
    at listOnTimeout (node:internal/timers:605:17)
    at process.processTimers (node:internal/timers:541:7)
[UNCAUGHT] 2026-03-02T20:16:47.619Z: SqliteError: no such column: "intel_agency" - should this be a string literal in single-quotes?
    at Database.prepare (E:\web politics game\node_modules\better-sqlite3\lib\methods\wrappers.js:5:21)
    at processTick (E:\web politics game\game\tick.js:94:37)
    at Timeout._onTimeout (E:\web politics game\server.js:132:9)
    at listOnTimeout (node:internal/timers:605:17)
    at process.processTimers (node:internal/timers:541:7)
[UNCAUGHT] 2026-03-02T20:18:02.296Z: SqliteError: no such column: "intel_agency" - should this be a string literal in single-quotes?
    at Database.prepare (E:\web politics game\node_modules\better-sqlite3\lib\methods\wrappers.js:5:21)
    at processTick (E:\web politics game\game\tick.js:94:37)
    at Timeout._onTimeout (E:\web politics game\server.js:132:9)
    at listOnTimeout (node:internal/timers:605:17)
    at process.processTimers (node:internal/timers:541:7)
[UNCAUGHT] 2026-03-02T20:19:02.276Z: SqliteError: no such column: "intel_agency" - should this be a string literal in single-quotes?
    at Database.prepare (E:\web politics game\node_modules\better-sqlite3\lib\methods\wrappers.js:5:21)
    at processTick (E:\web politics game\game\tick.js:94:37)
    at Timeout._onTimeout (E:\web politics game\server.js:132:9)
    at listOnTimeout (node:internal/timers:605:17)
    at process.processTimers (node:internal/timers:541:7)
[UNCAUGHT] 2026-03-02T20:20:02.265Z: SqliteError: no such column: "intel_agency" - should this be a string literal in single-quotes?
    at Database.prepare (E:\web politics game\node_modules\better-sqlite3\lib\methods\wrappers.js:5:21)
    at processTick (E:\web politics game\game\tick.js:94:37)
    at Timeout._onTimeout (E:\web politics game\server.js:132:9)
    at listOnTimeout (node:internal/timers:605:17)
    at process.processTimers (node:internal/timers:541:7)
[UNCAUGHT] 2026-03-02T20:22:11.273Z: SqliteError: no such column: "intel_agency" - should this be a string literal in single-quotes?
    at Database.prepare (E:\web politics game\node_modules\better-sqlite3\lib\methods\wrappers.js:5:21)
    at processTick (E:\web politics game\game\tick.js:94:37)
    at Timeout._onTimeout (E:\web politics game\server.js:132:9)
    at listOnTimeout (node:internal/timers:605:17)
    at process.processTimers (node:internal/timers:541:7)
[UNCAUGHT] 2026-03-02T20:23:11.300Z: SqliteError: no such column: "intel_agency" - should this be a string literal in single-quotes?
    at Database.prepare (E:\web politics game\node_modules\better-sqlite3\lib\methods\wrappers.js:5:21)
    at processTick (E:\web politics game\game\tick.js:94:37)
    at Timeout._onTimeout (E:\web politics game\server.js:132:9)
    at listOnTimeout (node:internal/timers:605:17)
    at process.processTimers (node:internal/timers:541:7)
[UNCAUGHT] 2026-03-02T20:27:39.626Z: SqliteError: no such column: "intel_agency" - should this be a string literal in single-quotes?
    at Database.prepare (E:\web politics game\node_modules\better-sqlite3\lib\methods\wrappers.js:5:21)
    at processTick (E:\web politics game\game\tick.js:94:37)
    at Timeout._onTimeout (E:\web politics game\server.js:132:9)
    at listOnTimeout (node:internal/timers:605:17)
    at process.processTimers (node:internal/timers:541:7)
[UNCAUGHT] 2026-03-02T20:28:39.623Z: SqliteError: no such column: "intel_agency" - should this be a string literal in single-quotes?
    at Database.prepare (E:\web politics game\node_modules\better-sqlite3\lib\methods\wrappers.js:5:21)
    at processTick (E:\web politics game\game\tick.js:94:37)
    at Timeout._onTimeout (E:\web politics game\server.js:132:9)
    at listOnTimeout (node:internal/timers:605:17)
    at process.processTimers (node:internal/timers:541:7)
[UNCAUGHT] 2026-03-02T20:29:39.626Z: SqliteError: no such column: "intel_agency" - should this be a string literal in single-quotes?
    at Database.prepare (E:\web politics game\node_modules\better-sqlite3\lib\methods\wrappers.js:5:21)
    at processTick (E:\web politics game\game\tick.js:94:37)
    at Timeout._onTimeout (E:\web politics game\server.js:132:9)
    at listOnTimeout (node:internal/timers:605:17)
    at process.processTimers (node:internal/timers:541:7)
[UNCAUGHT] 2026-03-02T20:30:39.639Z: SqliteError: no such column: "intel_agency" - should this be a string literal in single-quotes?
    at Database.prepare (E:\web politics game\node_modules\better-sqlite3\lib\methods\wrappers.js:5:21)
    at processTick (E:\web politics game\game\tick.js:94:37)
    at Timeout._onTimeout (E:\web politics game\server.js:132:9)
    at listOnTimeout (node:internal/timers:605:17)
    at process.processTimers (node:internal/timers:541:7)
[UNCAUGHT] 2026-03-02T20:31:39.670Z: SqliteError: no such column: "intel_agency" - should this be a string literal in single-quotes?
    at Database.prepare (E:\web politics game\node_modules\better-sqlite3\lib\methods\wrappers.js:5:21)
    at processTick (E:\web politics game\game\tick.js:94:37)
    at Timeout._onTimeout (E:\web politics game\server.js:132:9)
    at listOnTimeout (node:internal/timers:605:17)
    at process.processTimers (node:internal/timers:541:7)
[UNCAUGHT] 2026-03-02T20:32:39.685Z: SqliteError: no such column: "intel_agency" - should this be a string literal in single-quotes?
    at Database.prepare (E:\web politics game\node_modules\better-sqlite3\lib\methods\wrappers.js:5:21)
    at processTick (E:\web politics game\game\tick.js:94:37)
    at Timeout._onTimeout (E:\web politics game\server.js:132:9)
    at listOnTimeout (node:internal/timers:605:17)
    at process.processTimers (node:internal/timers:541:7)
[UNCAUGHT] 2026-03-02T20:33:39.677Z: SqliteError: no such column: "intel_agency" - should this be a string literal in single-quotes?
    at Database.prepare (E:\web politics game\node_modules\better-sqlite3\lib\methods\wrappers.js:5:21)
    at processTick (E:\web politics game\game\tick.js:94:37)
    at Timeout._onTimeout (E:\web politics game\server.js:132:9)
    at listOnTimeout (node:internal/timers:605:17)
    at process.processTimers (node:internal/timers:541:7)
[UNCAUGHT] 2026-03-02T22:25:25.929Z: Error: listen EADDRINUSE: address already in use :::3000
    at Server.setupListenHandle [as _listen2] (node:net:1940:16)
    at listenInCluster (node:net:1997:12)
    at Server.listen (node:net:2102:7)
    at Object.<anonymous> (E:\web politics game\server.js:155:8)
    at Module._compile (node:internal/modules/cjs/loader:1804:14)
    at Object..js (node:internal/modules/cjs/loader:1936:10)
    at Module.load (node:internal/modules/cjs/loader:1525:32)
    at Module._load (node:internal/modules/cjs/loader:1327:12)
    at TracingChannel.traceSync (node:diagnostics_channel:328:14)
    at wrapModuleLoad (node:internal/modules/cjs/loader:245:24)
[UNCAUGHT] 2026-03-02T22:37:37.097Z: Error: listen EADDRINUSE: address already in use :::3000
    at Server.setupListenHandle [as _listen2] (node:net:1940:16)
    at listenInCluster (node:net:1997:12)
    at Server.listen (node:net:2102:7)
    at Object.<anonymous> (E:\web politics game\server.js:155:8)
    at Module._compile (node:internal/modules/cjs/loader:1804:14)
    at Object..js (node:internal/modules/cjs/loader:1936:10)
    at Module.load (node:internal/modules/cjs/loader:1525:32)
    at Module._load (node:internal/modules/cjs/loader:1327:12)
    at TracingChannel.traceSync (node:diagnostics_channel:328:14)
    at wrapModuleLoad (node:internal/modules/cjs/loader:245:24)
[UNCAUGHT] 2026-03-03T00:14:36.479Z: Error: listen EADDRINUSE: address already in use :::3000
    at Server.setupListenHandle [as _listen2] (node:net:1940:16)
    at listenInCluster (node:net:1997:12)
    at Server.listen (node:net:2102:7)
    at Object.<anonymous> (E:\web politics game\server.js:155:8)
    at Module._compile (node:internal/modules/cjs/loader:1804:14)
    at Object..js (node:internal/modules/cjs/loader:1936:10)
    at Module.load (node:internal/modules/cjs/loader:1525:32)
    at Module._load (node:internal/modules/cjs/loader:1327:12)
    at TracingChannel.traceSync (node:diagnostics_channel:328:14)
    at wrapModuleLoad (node:internal/modules/cjs/loader:245:24)
[UNCAUGHT] 2026-03-03T00:16:02.900Z: Error: listen EADDRINUSE: address already in use :::3000
    at Server.setupListenHandle [as _listen2] (node:net:1940:16)
    at listenInCluster (node:net:1997:12)
    at Server.listen (node:net:2102:7)
    at Object.<anonymous> (E:\web politics game\server.js:155:8)
    at Module._compile (node:internal/modules/cjs/loader:1804:14)
    at Object..js (node:internal/modules/cjs/loader:1936:10)
    at Module.load (node:internal/modules/cjs/loader:1525:32)
    at Module._load (node:internal/modules/cjs/loader:1327:12)
    at TracingChannel.traceSync (node:diagnostics_channel:328:14)
    at wrapModuleLoad (node:internal/modules/cjs/loader:245:24)
[UNCAUGHT] 2026-03-03T16:01:50.763Z: Error: listen EADDRINUSE: address already in use :::3000
    at Server.setupListenHandle [as _listen2] (node:net:1940:16)
    at listenInCluster (node:net:1997:12)
    at Server.listen (node:net:2102:7)
    at Object.<anonymous> (E:\web politics game\server.js:158:8)
    at Module._compile (node:internal/modules/cjs/loader:1804:14)
    at Object..js (node:internal/modules/cjs/loader:1936:10)
    at Module.load (node:internal/modules/cjs/loader:1525:32)
    at Module._load (node:internal/modules/cjs/loader:1327:12)
    at TracingChannel.traceSync (node:diagnostics_channel:328:14)
    at wrapModuleLoad (node:internal/modules/cjs/loader:245:24)
[UNCAUGHT] 2026-03-03T16:14:40.736Z: Error: listen EADDRINUSE: address already in use :::3000
    at Server.setupListenHandle [as _listen2] (node:net:1940:16)
    at listenInCluster (node:net:1997:12)
    at Server.listen (node:net:2102:7)
    at Object.<anonymous> (E:\web politics game\server.js:158:8)
    at Module._compile (node:internal/modules/cjs/loader:1804:14)
    at Object..js (node:internal/modules/cjs/loader:1936:10)
    at Module.load (node:internal/modules/cjs/loader:1525:32)
    at Module._load (node:internal/modules/cjs/loader:1327:12)
    at TracingChannel.traceSync (node:diagnostics_channel:328:14)
    at wrapModuleLoad (node:internal/modules/cjs/loader:245:24)
[UNCAUGHT] 2026-03-06T20:32:26.323Z: Error: listen EADDRINUSE: address already in use :::3000
    at Server.setupListenHandle [as _listen2] (node:net:1940:16)
    at listenInCluster (node:net:1997:12)
    at Server.listen (node:net:2102:7)
    at Object.<anonymous> (E:\web politics game\server.js:158:8)
    at Module._compile (node:internal/modules/cjs/loader:1804:14)
    at Object..js (node:internal/modules/cjs/loader:1936:10)
    at Module.load (node:internal/modules/cjs/loader:1525:32)
    at Module._load (node:internal/modules/cjs/loader:1327:12)
    at TracingChannel.traceSync (node:diagnostics_channel:328:14)
    at wrapModuleLoad (node:internal/modules/cjs/loader:245:24)
[UNCAUGHT] 2026-03-06T20:32:29.743Z: Error: listen EADDRINUSE: address already in use :::3000
    at Server.setupListenHandle [as _listen2] (node:net:1940:16)
    at listenInCluster (node:net:1997:12)
    at Server.listen (node:net:2102:7)
    at Object.<anonymous> (E:\web politics game\server.js:158:8)
    at Module._compile (node:internal/modules/cjs/loader:1804:14)
    at Object..js (node:internal/modules/cjs/loader:1936:10)
    at Module.load (node:internal/modules/cjs/loader:1525:32)
    at Module._load (node:internal/modules/cjs/loader:1327:12)
    at TracingChannel.traceSync (node:diagnostics_channel:328:14)
    at wrapModuleLoad (node:internal/modules/cjs/loader:245:24)
[UNCAUGHT] 2026-03-06T22:45:46.874Z: Error: listen EADDRINUSE: address already in use :::3000
    at Server.setupListenHandle [as _listen2] (node:net:1940:16)
    at listenInCluster (node:net:1997:12)
    at Server.listen (node:net:2102:7)
    at Object.<anonymous> (E:\web politics game\server.js:158:8)
    at Module._compile (node:internal/modules/cjs/loader:1804:14)
    at Object..js (node:internal/modules/cjs/loader:1936:10)
    at Module.load (node:internal/modules/cjs/loader:1525:32)
    at Module._load (node:internal/modules/cjs/loader:1327:12)
    at TracingChannel.traceSync (node:diagnostics_channel:328:14)
    at wrapModuleLoad (node:internal/modules/cjs/loader:245:24)
